Warning PhantomJS v2.0 not yet released. There will not be any official support for any bugs until stable version is released!
All Jobs | Indeed.com
[32;1mPASS[0m Job Description Exists
[32;1mPASS[0m Job Description Exists
[32;1mPASS[0m Job Description Exists
[32;1mPASS[0m Job Description Exists
[32;1mPASS[0m Job Description Exists
[32;1mPASS[0m Job Description Exists
Total Number of Candidates: 138
Remaining: 137 Candidates
Remaining: 136 Candidates
Remaining: 135 Candidates
Remaining: 134 Candidates
Remaining: 133 Candidates
Remaining: 132 Candidates
Remaining: 131 Candidates
Remaining: 130 Candidates
Remaining: 129 Candidates
Remaining: 128 Candidates
Remaining: 127 Candidates
Remaining: 126 Candidates
Remaining: 125 Candidates
Remaining: 124 Candidates
Remaining: 123 Candidates
Remaining: 122 Candidates
Remaining: 121 Candidates
Remaining: 120 Candidates
Remaining: 119 Candidates
Remaining: 118 Candidates
Remaining: 117 Candidates
Remaining: 116 Candidates
Remaining: 115 Candidates
Remaining: 114 Candidates
Remaining: 113 Candidates
Remaining: 112 Candidates
Remaining: 111 Candidates
Remaining: 110 Candidates
Remaining: 109 Candidates
Remaining: 108 Candidates
Remaining: 107 Candidates
Remaining: 106 Candidates
Remaining: 105 Candidates
Remaining: 104 Candidates
Remaining: 103 Candidates
Remaining: 102 Candidates
Remaining: 101 Candidates
Remaining: 100 Candidates
Remaining: 99 Candidates
Remaining: 98 Candidates
Remaining: 97 Candidates
Remaining: 96 Candidates
Remaining: 95 Candidates
Remaining: 94 Candidates
Remaining: 93 Candidates
Remaining: 92 Candidates
Remaining: 91 Candidates
Remaining: 90 Candidates
Remaining: 89 Candidates
Remaining: 88 Candidates
Remaining: 87 Candidates
Remaining: 86 Candidates
Remaining: 85 Candidates
Remaining: 84 Candidates
Remaining: 83 Candidates
Remaining: 82 Candidates
Remaining: 81 Candidates
Remaining: 80 Candidates
Remaining: 79 Candidates
Warning PhantomJS v2.0 not yet released. There will not be any official support for any bugs until stable version is released!
All Jobs | Indeed.com
[32;1mPASS[0m Job Description Exists
[32;1mPASS[0m Job Description Exists
[32;1mPASS[0m Job Description Exists
[32;1mPASS[0m Job Description Exists
[32;1mPASS[0m Job Description Exists
[32;1mPASS[0m Job Description Exists
Total Number of Candidates: 138
Remaining: 137 Candidates
Remaining: 136 Candidates
Remaining: 135 Candidates
Remaining: 134 Candidates
Remaining: 133 Candidates
Remaining: 132 Candidates
Remaining: 131 Candidates
Remaining: 130 Candidates
Remaining: 129 Candidates
Remaining: 128 Candidates
Remaining: 127 Candidates
Remaining: 126 Candidates
Remaining: 125 Candidates
Remaining: 124 Candidates
Remaining: 123 Candidates
Remaining: 122 Candidates
Remaining: 121 Candidates
Remaining: 120 Candidates
Remaining: 119 Candidates
Remaining: 118 Candidates
Remaining: 117 Candidates
Remaining: 116 Candidates
Remaining: 115 Candidates
Remaining: 114 Candidates
Remaining: 113 Candidates
Remaining: 112 Candidates
Remaining: 111 Candidates
Remaining: 110 Candidates
Remaining: 109 Candidates
Remaining: 108 Candidates
Remaining: 107 Candidates
Remaining: 106 Candidates
Remaining: 105 Candidates
Remaining: 104 Candidates
Remaining: 103 Candidates
Remaining: 102 Candidates
